This is pdfTeX, Version 3.141592653-2.6-1.40.26 (TeX Live 2024) (preloaded format=pdflatex 2024.3.17)  20 MAR 2024 22:42
entering extended mode
 restricted \write18 enabled.
 %&-line parsing enabled.
**V2_Modulo_2.tex
(./V2_Modulo_2.tex
LaTeX2e <2023-11-01> patch level 1
L3 programming layer <2024-03-14>
(c:/Users/PC/AppData/Roaming/TinyTeX/texmf-dist/tex/latex/beamer/beamer.cls
Document Class: beamer 2024/01/06 v3.71 A class for typesetting presentations
(c:/Users/PC/AppData/Roaming/TinyTeX/texmf-dist/tex/latex/beamer/beamerbasemodes.sty (c:/Users/PC/AppData/Roaming/TinyTeX/texmf-dist/tex/latex/etoolbox/etoolbox.sty
Package: etoolbox 2020/10/05 v2.5k e-TeX tools for LaTeX (JAW)
\etb@tempcnta=\count188
)
\beamer@tempbox=\box51
\beamer@tempcount=\count189
\c@beamerpauses=\count190
(c:/Users/PC/AppData/Roaming/TinyTeX/texmf-dist/tex/latex/beamer/beamerbasedecode.sty
\beamer@slideinframe=\count191
\beamer@minimum=\count192
\beamer@decode@box=\box52
)
\beamer@commentbox=\box53
\beamer@modecount=\count193
) (c:/Users/PC/AppData/Roaming/TinyTeX/texmf-dist/tex/generic/iftex/iftex.sty
Package: iftex 2022/02/03 v1.0f TeX engine tests
)
\headdp=\dimen140
\footheight=\dimen141
\sidebarheight=\dimen142
\beamer@tempdim=\dimen143
\beamer@finalheight=\dimen144
\beamer@animht=\dimen145
\beamer@animdp=\dimen146
\beamer@animwd=\dimen147
\beamer@leftmargin=\dimen148
\beamer@rightmargin=\dimen149
\beamer@leftsidebar=\dimen150
\beamer@rightsidebar=\dimen151
\beamer@boxsize=\dimen152
\beamer@vboxoffset=\dimen153
\beamer@descdefault=\dimen154
\beamer@descriptionwidth=\dimen155
\beamer@lastskip=\skip48
\beamer@areabox=\box54
\beamer@animcurrent=\box55
\beamer@animshowbox=\box56
\beamer@sectionbox=\box57
\beamer@logobox=\box58
\beamer@linebox=\box59
\beamer@sectioncount=\count194
\beamer@subsubsectionmax=\count195
\beamer@subsectionmax=\count196
\beamer@sectionmax=\count197
\beamer@totalheads=\count198
\beamer@headcounter=\count199
\beamer@partstartpage=\count266
\beamer@sectionstartpage=\count267
\beamer@subsectionstartpage=\count268
\beamer@animationtempa=\count269
\beamer@animationtempb=\count270
\beamer@xpos=\count271
\beamer@ypos=\count272
\beamer@ypos@offset=\count273
\beamer@showpartnumber=\count274
\beamer@currentsubsection=\count275
\beamer@coveringdepth=\count276
\beamer@sectionadjust=\count277
\beamer@toclastsection=\count278
\beamer@tocsectionnumber=\count279
(c:/Users/PC/AppData/Roaming/TinyTeX/texmf-dist/tex/latex/beamer/beamerbaseoptions.sty (c:/Users/PC/AppData/Roaming/TinyTeX/texmf-dist/tex/latex/graphics/keyval.sty
Package: keyval 2022/05/29 v1.15 key=value parser (DPC)
\KV@toks@=\toks17
))
\beamer@paperwidth=\skip49
\beamer@paperheight=\skip50
(c:/Users/PC/AppData/Roaming/TinyTeX/texmf-dist/tex/latex/geometry/geometry.sty
Package: geometry 2020/01/02 v5.9 Page Geometry
(c:/Users/PC/AppData/Roaming/TinyTeX/texmf-dist/tex/generic/iftex/ifvtex.sty
Package: ifvtex 2019/10/25 v1.7 ifvtex legacy package. Use iftex instead.
)
\Gm@cnth=\count280
\Gm@cntv=\count281
\c@Gm@tempcnt=\count282
\Gm@bindingoffset=\dimen156
\Gm@wd@mp=\dimen157
\Gm@odd@mp=\dimen158
\Gm@even@mp=\dimen159
\Gm@layoutwidth=\dimen160
\Gm@layoutheight=\dimen161
\Gm@layouthoffset=\dimen162
\Gm@layoutvoffset=\dimen163
\Gm@dimlist=\toks18
) (c:/Users/PC/AppData/Roaming/TinyTeX/texmf-dist/tex/latex/pgf/math/pgfmath.sty (c:/Users/PC/AppData/Roaming/TinyTeX/texmf-dist/tex/latex/pgf/utilities/pgfrcs.sty (c:/Users/PC/AppData/Roaming/TinyTeX/texmf-dist/tex/generic/pgf/utilities/pgfutil-common.tex
\pgfutil@everybye=\toks19
\pgfutil@tempdima=\dimen164
\pgfutil@tempdimb=\dimen165
) (c:/Users/PC/AppData/Roaming/TinyTeX/texmf-dist/tex/generic/pgf/utilities/pgfutil-latex.def
\pgfutil@abb=\box60
) (c:/Users/PC/AppData/Roaming/TinyTeX/texmf-dist/tex/generic/pgf/utilities/pgfrcs.code.tex (c:/Users/PC/AppData/Roaming/TinyTeX/texmf-dist/tex/generic/pgf/pgf.revision.tex)
Package: pgfrcs 2023-01-15 v3.1.10 (3.1.10)
)) (c:/Users/PC/AppData/Roaming/TinyTeX/texmf-dist/tex/latex/pgf/utilities/pgfkeys.sty (c:/Users/PC/AppData/Roaming/TinyTeX/texmf-dist/tex/generic/pgf/utilities/pgfkeys.code.tex
\pgfkeys@pathtoks=\toks20
\pgfkeys@temptoks=\toks21
(c:/Users/PC/AppData/Roaming/TinyTeX/texmf-dist/tex/generic/pgf/utilities/pgfkeyslibraryfiltered.code.tex
\pgfkeys@tmptoks=\toks22
))) (c:/Users/PC/AppData/Roaming/TinyTeX/texmf-dist/tex/generic/pgf/math/pgfmath.code.tex (c:/Users/PC/AppData/Roaming/TinyTeX/texmf-dist/tex/generic/pgf/math/pgfmathutil.code.tex
\pgf@x=\dimen166
\pgf@xa=\dimen167
\pgf@xb=\dimen168
\pgf@xc=\dimen169
\pgf@y=\dimen170
\pgf@ya=\dimen171
\pgf@yb=\dimen172
\pgf@yc=\dimen173
\c@pgf@counta=\count283
\c@pgf@countb=\count284
\c@pgf@countc=\count285
\c@pgf@countd=\count286
) (c:/Users/PC/AppData/Roaming/TinyTeX/texmf-dist/tex/generic/pgf/math/pgfmathparser.code.tex
\pgfmath@dimen=\dimen174
\pgfmath@count=\count287
\pgfmath@box=\box61
\pgfmath@toks=\toks23
\pgfmath@stack@operand=\toks24
\pgfmath@stack@operation=\toks25
) (c:/Users/PC/AppData/Roaming/TinyTeX/texmf-dist/tex/generic/pgf/math/pgfmathfunctions.code.tex) (c:/Users/PC/AppData/Roaming/TinyTeX/texmf-dist/tex/generic/pgf/math/pgfmathfunctions.basic.code.tex) (c:/Users/PC/AppData/Roaming/TinyTeX/texmf-dist/tex/generic/pgf/math/pgfmathfunctions.trigonometric.code.tex) (c:/Users/PC/AppData/Roaming/TinyTeX/texmf-dist/tex/generic/pgf/math/pgfmathfunctions.random.code.tex) (c:/Users/PC/AppData/Roaming/TinyTeX/texmf-dist/tex/generic/pgf/math/pgfmathfunctions.comparison.code.tex) (c:/Users/PC/AppData/Roaming/TinyTeX/texmf-dist/tex/generic/pgf/math/pgfmathfunctions.base.code.tex) (c:/Users/PC/AppData/Roaming/TinyTeX/texmf-dist/tex/generic/pgf/math/pgfmathfunctions.round.code.tex) (c:/Users/PC/AppData/Roaming/TinyTeX/texmf-dist/tex/generic/pgf/math/pgfmathfunctions.misc.code.tex) (c:/Users/PC/AppData/Roaming/TinyTeX/texmf-dist/tex/generic/pgf/math/pgfmathfunctions.integerarithmetics.code.tex) (c:/Users/PC/AppData/Roaming/TinyTeX/texmf-dist/tex/generic/pgf/math/pgfmathcalc.code.tex) (c:/Users/PC/AppData/Roaming/TinyTeX/texmf-dist/tex/generic/pgf/math/pgfmathfloat.code.tex
\c@pgfmathroundto@lastzeros=\count288
))) (c:/Users/PC/AppData/Roaming/TinyTeX/texmf-dist/tex/latex/extsizes/size8.clo
File: size8.clo 1999/11/11 v1.4a NON-Standard LaTeX file (size option)
) (c:/Users/PC/AppData/Roaming/TinyTeX/texmf-dist/tex/latex/pgf/basiclayer/pgfcore.sty (c:/Users/PC/AppData/Roaming/TinyTeX/texmf-dist/tex/latex/graphics/graphicx.sty
Package: graphicx 2021/09/16 v1.2d Enhanced LaTeX Graphics (DPC,SPQR)
(c:/Users/PC/AppData/Roaming/TinyTeX/texmf-dist/tex/latex/graphics/graphics.sty
Package: graphics 2022/03/10 v1.4e Standard LaTeX Graphics (DPC,SPQR)
(c:/Users/PC/AppData/Roaming/TinyTeX/texmf-dist/tex/latex/graphics/trig.sty
Package: trig 2021/08/11 v1.11 sin cos tan (DPC)
) (c:/Users/PC/AppData/Roaming/TinyTeX/texmf-dist/tex/latex/graphics-cfg/graphics.cfg
File: graphics.cfg 2016/06/04 v1.11 sample graphics configuration
)
Package graphics Info: Driver file: pdftex.def on input line 107.
(c:/Users/PC/AppData/Roaming/TinyTeX/texmf-dist/tex/latex/graphics-def/pdftex.def
File: pdftex.def 2022/09/22 v1.2b Graphics/color driver for pdftex
))
\Gin@req@height=\dimen175
\Gin@req@width=\dimen176
) (c:/Users/PC/AppData/Roaming/TinyTeX/texmf-dist/tex/latex/pgf/systemlayer/pgfsys.sty (c:/Users/PC/AppData/Roaming/TinyTeX/texmf-dist/tex/generic/pgf/systemlayer/pgfsys.code.tex
Package: pgfsys 2023-01-15 v3.1.10 (3.1.10)
\pgf@x=\dimen177
\pgf@y=\dimen178
\pgf@xa=\dimen179
\pgf@ya=\dimen180
\pgf@xb=\dimen181
\pgf@yb=\dimen182
\pgf@xc=\dimen183
\pgf@yc=\dimen184
\pgf@xd=\dimen185
\pgf@yd=\dimen186
\w@pgf@writea=\write3
\r@pgf@reada=\read2
\c@pgf@counta=\count289
\c@pgf@countb=\count290
\c@pgf@countc=\count291
\c@pgf@countd=\count292
\t@pgf@toka=\toks26
\t@pgf@tokb=\toks27
\t@pgf@tokc=\toks28
\pgf@sys@id@count=\count293
(c:/Users/PC/AppData/Roaming/TinyTeX/texmf-dist/tex/generic/pgf/systemlayer/pgf.cfg
File: pgf.cfg 2023-01-15 v3.1.10 (3.1.10)
)
Driver file for pgf: pgfsys-pdftex.def
(c:/Users/PC/AppData/Roaming/TinyTeX/texmf-dist/tex/generic/pgf/systemlayer/pgfsys-pdftex.def
File: pgfsys-pdftex.def 2023-01-15 v3.1.10 (3.1.10)
(c:/Users/PC/AppData/Roaming/TinyTeX/texmf-dist/tex/generic/pgf/systemlayer/pgfsys-common-pdf.def
File: pgfsys-common-pdf.def 2023-01-15 v3.1.10 (3.1.10)
))) (c:/Users/PC/AppData/Roaming/TinyTeX/texmf-dist/tex/generic/pgf/systemlayer/pgfsyssoftpath.code.tex
File: pgfsyssoftpath.code.tex 2023-01-15 v3.1.10 (3.1.10)
\pgfsyssoftpath@smallbuffer@items=\count294
\pgfsyssoftpath@bigbuffer@items=\count295
) (c:/Users/PC/AppData/Roaming/TinyTeX/texmf-dist/tex/generic/pgf/systemlayer/pgfsysprotocol.code.tex
File: pgfsysprotocol.code.tex 2023-01-15 v3.1.10 (3.1.10)
)) (c:/Users/PC/AppData/Roaming/TinyTeX/texmf-dist/tex/latex/xcolor/xcolor.sty
Package: xcolor 2023/11/15 v3.01 LaTeX color extensions (UK)
(c:/Users/PC/AppData/Roaming/TinyTeX/texmf-dist/tex/latex/graphics-cfg/color.cfg
File: color.cfg 2016/01/02 v1.6 sample color configuration
)
Package xcolor Info: Driver file: pdftex.def on input line 274.
(c:/Users/PC/AppData/Roaming/TinyTeX/texmf-dist/tex/latex/graphics/mathcolor.ltx)
Package xcolor Info: Model `cmy' substituted by `cmy0' on input line 1350.
Package xcolor Info: Model `hsb' substituted by `rgb' on input line 1354.
Package xcolor Info: Model `RGB' extended on input line 1366.
Package xcolor Info: Model `HTML' substituted by `rgb' on input line 1368.
Package xcolor Info: Model `Hsb' substituted by `hsb' on input line 1369.
Package xcolor Info: Model `tHsb' substituted by `hsb' on input line 1370.
Package xcolor Info: Model `HSB' substituted by `hsb' on input line 1371.
Package xcolor Info: Model `Gray' substituted by `gray' on input line 1372.
Package xcolor Info: Model `wave' substituted by `hsb' on input line 1373.
) (c:/Users/PC/AppData/Roaming/TinyTeX/texmf-dist/tex/generic/pgf/basiclayer/pgfcore.code.tex
Package: pgfcore 2023-01-15 v3.1.10 (3.1.10)
(c:/Users/PC/AppData/Roaming/TinyTeX/texmf-dist/tex/generic/pgf/math/pgfint.code.tex) (c:/Users/PC/AppData/Roaming/TinyTeX/texmf-dist/tex/generic/pgf/basiclayer/pgfcorepoints.code.tex
File: pgfcorepoints.code.tex 2023-01-15 v3.1.10 (3.1.10)
\pgf@picminx=\dimen187
\pgf@picmaxx=\dimen188
\pgf@picminy=\dimen189
\pgf@picmaxy=\dimen190
\pgf@pathminx=\dimen191
\pgf@pathmaxx=\dimen192
\pgf@pathminy=\dimen193
\pgf@pathmaxy=\dimen194
\pgf@xx=\dimen195
\pgf@xy=\dimen196
\pgf@yx=\dimen197
\pgf@yy=\dimen198
\pgf@zx=\dimen199
\pgf@zy=\dimen256
) (c:/Users/PC/AppData/Roaming/TinyTeX/texmf-dist/tex/generic/pgf/basiclayer/pgfcorepathconstruct.code.tex
File: pgfcorepathconstruct.code.tex 2023-01-15 v3.1.10 (3.1.10)
\pgf@path@lastx=\dimen257
\pgf@path@lasty=\dimen258
) (c:/Users/PC/AppData/Roaming/TinyTeX/texmf-dist/tex/generic/pgf/basiclayer/pgfcorepathusage.code.tex
File: pgfcorepathusage.code.tex 2023-01-15 v3.1.10 (3.1.10)
\pgf@shorten@end@additional=\dimen259
\pgf@shorten@start@additional=\dimen260
) (c:/Users/PC/AppData/Roaming/TinyTeX/texmf-dist/tex/generic/pgf/basiclayer/pgfcorescopes.code.tex
File: pgfcorescopes.code.tex 2023-01-15 v3.1.10 (3.1.10)
\pgfpic=\box62
\pgf@hbox=\box63
\pgf@layerbox@main=\box64
\pgf@picture@serial@count=\count296
) (c:/Users/PC/AppData/Roaming/TinyTeX/texmf-dist/tex/generic/pgf/basiclayer/pgfcoregraphicstate.code.tex
File: pgfcoregraphicstate.code.tex 2023-01-15 v3.1.10 (3.1.10)
\pgflinewidth=\dimen261
) (c:/Users/PC/AppData/Roaming/TinyTeX/texmf-dist/tex/generic/pgf/basiclayer/pgfcoretransformations.code.tex
File: pgfcoretransformations.code.tex 2023-01-15 v3.1.10 (3.1.10)
\pgf@pt@x=\dimen262
\pgf@pt@y=\dimen263
\pgf@pt@temp=\dimen264
) (c:/Users/PC/AppData/Roaming/TinyTeX/texmf-dist/tex/generic/pgf/basiclayer/pgfcorequick.code.tex
File: pgfcorequick.code.tex 2023-01-15 v3.1.10 (3.1.10)
) (c:/Users/PC/AppData/Roaming/TinyTeX/texmf-dist/tex/generic/pgf/basiclayer/pgfcoreobjects.code.tex
File: pgfcoreobjects.code.tex 2023-01-15 v3.1.10 (3.1.10)
) (c:/Users/PC/AppData/Roaming/TinyTeX/texmf-dist/tex/generic/pgf/basiclayer/pgfcorepathprocessing.code.tex
File: pgfcorepathprocessing.code.tex 2023-01-15 v3.1.10 (3.1.10)
) (c:/Users/PC/AppData/Roaming/TinyTeX/texmf-dist/tex/generic/pgf/basiclayer/pgfcorearrows.code.tex
File: pgfcorearrows.code.tex 2023-01-15 v3.1.10 (3.1.10)
\pgfarrowsep=\dimen265
) (c:/Users/PC/AppData/Roaming/TinyTeX/texmf-dist/tex/generic/pgf/basiclayer/pgfcoreshade.code.tex
File: pgfcoreshade.code.tex 2023-01-15 v3.1.10 (3.1.10)
\pgf@max=\dimen266
\pgf@sys@shading@range@num=\count297
\pgf@shadingcount=\count298
) (c:/Users/PC/AppData/Roaming/TinyTeX/texmf-dist/tex/generic/pgf/basiclayer/pgfcoreimage.code.tex
File: pgfcoreimage.code.tex 2023-01-15 v3.1.10 (3.1.10)
) (c:/Users/PC/AppData/Roaming/TinyTeX/texmf-dist/tex/generic/pgf/basiclayer/pgfcoreexternal.code.tex
File: pgfcoreexternal.code.tex 2023-01-15 v3.1.10 (3.1.10)
\pgfexternal@startupbox=\box65
) (c:/Users/PC/AppData/Roaming/TinyTeX/texmf-dist/tex/generic/pgf/basiclayer/pgfcorelayers.code.tex
File: pgfcorelayers.code.tex 2023-01-15 v3.1.10 (3.1.10)
) (c:/Users/PC/AppData/Roaming/TinyTeX/texmf-dist/tex/generic/pgf/basiclayer/pgfcoretransparency.code.tex
File: pgfcoretransparency.code.tex 2023-01-15 v3.1.10 (3.1.10)
) (c:/Users/PC/AppData/Roaming/TinyTeX/texmf-dist/tex/generic/pgf/basiclayer/pgfcorepatterns.code.tex
File: pgfcorepatterns.code.tex 2023-01-15 v3.1.10 (3.1.10)
) (c:/Users/PC/AppData/Roaming/TinyTeX/texmf-dist/tex/generic/pgf/basiclayer/pgfcorerdf.code.tex
File: pgfcorerdf.code.tex 2023-01-15 v3.1.10 (3.1.10)
))) (c:/Users/PC/AppData/Roaming/TinyTeX/texmf-dist/tex/latex/pgf/utilities/xxcolor.sty
Package: xxcolor 2003/10/24 ver 0.1
\XC@nummixins=\count299
\XC@countmixins=\count300
) (c:/Users/PC/AppData/Roaming/TinyTeX/texmf-dist/tex/latex/base/atbegshi-ltx.sty
Package: atbegshi-ltx 2021/01/10 v1.0c Emulation of the original atbegshi
package with kernel methods
) (c:/Users/PC/AppData/Roaming/TinyTeX/texmf-dist/tex/latex/hyperref/hyperref.sty
Package: hyperref 2024-01-20 v7.01h Hypertext links for LaTeX
(c:/Users/PC/AppData/Roaming/TinyTeX/texmf-dist/tex/latex/kvsetkeys/kvsetkeys.sty
Package: kvsetkeys 2022-10-05 v1.19 Key value parser (HO)
) (c:/Users/PC/AppData/Roaming/TinyTeX/texmf-dist/tex/generic/kvdefinekeys/kvdefinekeys.sty
Package: kvdefinekeys 2019-12-19 v1.6 Define keys (HO)
) (c:/Users/PC/AppData/Roaming/TinyTeX/texmf-dist/tex/generic/pdfescape/pdfescape.sty
Package: pdfescape 2019/12/09 v1.15 Implements pdfTeX's escape features (HO)
(c:/Users/PC/AppData/Roaming/TinyTeX/texmf-dist/tex/generic/ltxcmds/ltxcmds.sty
Package: ltxcmds 2023-12-04 v1.26 LaTeX kernel commands for general use (HO)
) (c:/Users/PC/AppData/Roaming/TinyTeX/texmf-dist/tex/generic/pdftexcmds/pdftexcmds.sty
Package: pdftexcmds 2020-06-27 v0.33 Utility functions of pdfTeX for LuaTeX (HO)
(c:/Users/PC/AppData/Roaming/TinyTeX/texmf-dist/tex/generic/infwarerr/infwarerr.sty
Package: infwarerr 2019/12/03 v1.5 Providing info/warning/error messages (HO)
)
Package pdftexcmds Info: \pdf@primitive is available.
Package pdftexcmds Info: \pdf@ifprimitive is available.
Package pdftexcmds Info: \pdfdraftmode found.
)) (c:/Users/PC/AppData/Roaming/TinyTeX/texmf-dist/tex/latex/hycolor/hycolor.sty
Package: hycolor 2020-01-27 v1.10 Color options for hyperref/bookmark (HO)
) (c:/Users/PC/AppData/Roaming/TinyTeX/texmf-dist/tex/latex/auxhook/auxhook.sty
Package: auxhook 2019-12-17 v1.6 Hooks for auxiliary files (HO)
) (c:/Users/PC/AppData/Roaming/TinyTeX/texmf-dist/tex/latex/hyperref/nameref.sty
Package: nameref 2023-11-26 v2.56 Cross-referencing by name of section
(c:/Users/PC/AppData/Roaming/TinyTeX/texmf-dist/tex/latex/refcount/refcount.sty
Package: refcount 2019/12/15 v3.6 Data extraction from label references (HO)
) (c:/Users/PC/AppData/Roaming/TinyTeX/texmf-dist/tex/generic/gettitlestring/gettitlestring.sty
Package: gettitlestring 2019/12/15 v1.6 Cleanup title references (HO)
(c:/Users/PC/AppData/Roaming/TinyTeX/texmf-dist/tex/latex/kvoptions/kvoptions.sty
Package: kvoptions 2022-06-15 v3.15 Key value format for package options (HO)
))
\c@section@level=\count301
)
\@linkdim=\dimen267
\Hy@linkcounter=\count302
\Hy@pagecounter=\count303
(c:/Users/PC/AppData/Roaming/TinyTeX/texmf-dist/tex/latex/hyperref/pd1enc.def
File: pd1enc.def 2024-01-20 v7.01h Hyperref: PDFDocEncoding definition (HO)
Now handling font encoding PD1 ...
... no UTF-8 mapping file for font encoding PD1
) (c:/Users/PC/AppData/Roaming/TinyTeX/texmf-dist/tex/generic/intcalc/intcalc.sty
Package: intcalc 2019/12/15 v1.3 Expandable calculations with integers (HO)
)
\Hy@SavedSpaceFactor=\count304
(c:/Users/PC/AppData/Roaming/TinyTeX/texmf-dist/tex/latex/hyperref/puenc.def
File: puenc.def 2024-01-20 v7.01h Hyperref: PDF Unicode definition (HO)
Now handling font encoding PU ...
... no UTF-8 mapping file for font encoding PU
)
Package hyperref Info: Option `unicode' set `true' on input line 4062.
Package hyperref Info: Option `bookmarks' set `true' on input line 4062.
Package hyperref Info: Option `bookmarksopen' set `true' on input line 4062.
Package hyperref Info: Option `implicit' set `false' on input line 4062.
Package hyperref Info: Hyper figures OFF on input line 4179.
Package hyperref Info: Link nesting OFF on input line 4184.
Package hyperref Info: Hyper index ON on input line 4187.
Package hyperref Info: Plain pages OFF on input line 4194.
Package hyperref Info: Backreferencing OFF on input line 4199.
Package hyperref Info: Implicit mode OFF; no redefinition of LaTeX internals.
Package hyperref Info: Bookmarks ON on input line 4446.
\c@Hy@tempcnt=\count305
(c:/Users/PC/AppData/Roaming/TinyTeX/texmf-dist/tex/latex/url/url.sty
\Urlmuskip=\muskip16
Package: url 2013/09/16  ver 3.4  Verb mode for urls, etc.
)
LaTeX Info: Redefining \url on input line 4784.
\XeTeXLinkMargin=\dimen268
(c:/Users/PC/AppData/Roaming/TinyTeX/texmf-dist/tex/generic/bitset/bitset.sty
Package: bitset 2019/12/09 v1.3 Handle bit-vector datatype (HO)
(c:/Users/PC/AppData/Roaming/TinyTeX/texmf-dist/tex/generic/bigintcalc/bigintcalc.sty
Package: bigintcalc 2019/12/15 v1.5 Expandable calculations on big integers (HO)
))
\Fld@menulength=\count306
\Field@Width=\dimen269
\Fld@charsize=\dimen270
Package hyperref Info: Hyper figures OFF on input line 6063.
Package hyperref Info: Link nesting OFF on input line 6068.
Package hyperref Info: Hyper index ON on input line 6071.
Package hyperref Info: backreferencing OFF on input line 6078.
Package hyperref Info: Link coloring OFF on input line 6083.
Package hyperref Info: Link coloring with OCG OFF on input line 6088.
Package hyperref Info: PDF/A mode OFF on input line 6093.
\Hy@abspage=\count307

Package hyperref Message: Stopped early.

)
Package hyperref Info: Driver (autodetected): hpdftex.
(c:/Users/PC/AppData/Roaming/TinyTeX/texmf-dist/tex/latex/hyperref/hpdftex.def
File: hpdftex.def 2024-01-20 v7.01h Hyperref driver for pdfTeX
(c:/Users/PC/AppData/Roaming/TinyTeX/texmf-dist/tex/latex/base/atveryend-ltx.sty
Package: atveryend-ltx 2020/08/19 v1.0a Emulation of the original atveryend package
with kernel methods
)
\Fld@listcount=\count308
\c@bookmark@seq@number=\count309
(c:/Users/PC/AppData/Roaming/TinyTeX/texmf-dist/tex/latex/rerunfilecheck/rerunfilecheck.sty
Package: rerunfilecheck 2022-07-10 v1.10 Rerun checks for auxiliary files (HO)
(c:/Users/PC/AppData/Roaming/TinyTeX/texmf-dist/tex/generic/uniquecounter/uniquecounter.sty
Package: uniquecounter 2019/12/15 v1.4 Provide unlimited unique counter (HO)
)
Package uniquecounter Info: New unique counter `rerunfilecheck' on input line 285.
)) (c:/Users/PC/AppData/Roaming/TinyTeX/texmf-dist/tex/latex/beamer/beamerbaserequires.sty (c:/Users/PC/AppData/Roaming/TinyTeX/texmf-dist/tex/latex/beamer/beamerbasecompatibility.sty) (c:/Users/PC/AppData/Roaming/TinyTeX/texmf-dist/tex/latex/beamer/beamerbasefont.sty (c:/Users/PC/AppData/Roaming/TinyTeX/texmf-dist/tex/latex/amsfonts/amssymb.sty
Package: amssymb 2013/01/14 v3.01 AMS font symbols
(c:/Users/PC/AppData/Roaming/TinyTeX/texmf-dist/tex/latex/amsfonts/amsfonts.sty
Package: amsfonts 2013/01/14 v3.01 Basic AMSFonts support
\@emptytoks=\toks29
\symAMSa=\mathgroup4
\symAMSb=\mathgroup5
LaTeX Font Info:    Redeclaring math symbol \hbar on input line 98.
LaTeX Font Info:    Overwriting math alphabet `\mathfrak' in version `bold'
(Font)                  U/euf/m/n --> U/euf/b/n on input line 106.
))) (c:/Users/PC/AppData/Roaming/TinyTeX/texmf-dist/tex/latex/beamer/beamerbasetranslator.sty (c:/Users/PC/AppData/Roaming/TinyTeX/texmf-dist/tex/latex/translator/translator.sty
Package: translator 2021-05-31 v1.12d Easy translation of strings in LaTeX
)) (c:/Users/PC/AppData/Roaming/TinyTeX/texmf-dist/tex/latex/beamer/beamerbasemisc.sty) (c:/Users/PC/AppData/Roaming/TinyTeX/texmf-dist/tex/latex/beamer/beamerbasetwoscreens.sty) (c:/Users/PC/AppData/Roaming/TinyTeX/texmf-dist/tex/latex/beamer/beamerbaseoverlay.sty
\beamer@argscount=\count310
\beamer@lastskipcover=\skip51
\beamer@trivlistdepth=\count311
) (c:/Users/PC/AppData/Roaming/TinyTeX/texmf-dist/tex/latex/beamer/beamerbasetitle.sty) (c:/Users/PC/AppData/Roaming/TinyTeX/texmf-dist/tex/latex/beamer/beamerbasesection.sty
\c@lecture=\count312
\c@part=\count313
\c@section=\count314
\c@subsection=\count315
\c@subsubsection=\count316
) (c:/Users/PC/AppData/Roaming/TinyTeX/texmf-dist/tex/latex/beamer/beamerbaseframe.sty
\beamer@framebox=\box66
\beamer@frametitlebox=\box67
\beamer@zoombox=\box68
\beamer@zoomcount=\count317
\beamer@zoomframecount=\count318
\beamer@frametextheight=\dimen271
\c@subsectionslide=\count319
\beamer@frametopskip=\skip52
\beamer@framebottomskip=\skip53
\beamer@frametopskipautobreak=\skip54
\beamer@framebottomskipautobreak=\skip55
\beamer@envbody=\toks30
\framewidth=\dimen272
\c@framenumber=\count320
) (c:/Users/PC/AppData/Roaming/TinyTeX/texmf-dist/tex/latex/beamer/beamerbaseverbatim.sty
\beamer@verbatimfileout=\write4
) (c:/Users/PC/AppData/Roaming/TinyTeX/texmf-dist/tex/latex/beamer/beamerbaseframesize.sty
\beamer@splitbox=\box69
\beamer@autobreakcount=\count321
\beamer@autobreaklastheight=\dimen273
\beamer@frametitletoks=\toks31
\beamer@framesubtitletoks=\toks32
) (c:/Users/PC/AppData/Roaming/TinyTeX/texmf-dist/tex/latex/beamer/beamerbaseframecomponents.sty
\beamer@footins=\box70
) (c:/Users/PC/AppData/Roaming/TinyTeX/texmf-dist/tex/latex/beamer/beamerbasecolor.sty) (c:/Users/PC/AppData/Roaming/TinyTeX/texmf-dist/tex/latex/beamer/beamerbasenotes.sty
\beamer@frameboxcopy=\box71
) (c:/Users/PC/AppData/Roaming/TinyTeX/texmf-dist/tex/latex/beamer/beamerbasetoc.sty) (c:/Users/PC/AppData/Roaming/TinyTeX/texmf-dist/tex/latex/beamer/beamerbasetemplates.sty
\beamer@sbttoks=\toks33
(c:/Users/PC/AppData/Roaming/TinyTeX/texmf-dist/tex/latex/beamer/beamerbaseauxtemplates.sty (c:/Users/PC/AppData/Roaming/TinyTeX/texmf-dist/tex/latex/beamer/beamerbaseboxes.sty
\bmb@box=\box72
\bmb@colorbox=\box73
\bmb@boxwidth=\dimen274
\bmb@boxheight=\dimen275
\bmb@prevheight=\dimen276
\bmb@temp=\dimen277
\bmb@dima=\dimen278
\bmb@dimb=\dimen279
\bmb@prevheight=\dimen280
)
\beamer@blockheadheight=\dimen281
)) (c:/Users/PC/AppData/Roaming/TinyTeX/texmf-dist/tex/latex/beamer/beamerbaselocalstructure.sty (c:/Users/PC/AppData/Roaming/TinyTeX/texmf-dist/tex/latex/tools/enumerate.sty
Package: enumerate 2023/07/04 v3.00 enumerate extensions (DPC)
\@enLab=\toks34
)
\beamer@bibiconwidth=\skip56
\c@figure=\count322
\c@table=\count323
\abovecaptionskip=\skip57
\belowcaptionskip=\skip58
) (c:/Users/PC/AppData/Roaming/TinyTeX/texmf-dist/tex/latex/beamer/beamerbasenavigation.sty (c:/Users/PC/AppData/Roaming/TinyTeX/texmf-dist/tex/latex/beamer/beamerbasenavigationsymbols.tex)
\beamer@section@min@dim=\dimen282
) (c:/Users/PC/AppData/Roaming/TinyTeX/texmf-dist/tex/latex/beamer/beamerbasetheorems.sty (c:/Users/PC/AppData/Roaming/TinyTeX/texmf-dist/tex/latex/amsmath/amsmath.sty
Package: amsmath 2023/05/13 v2.17o AMS math features
\@mathmargin=\skip59
For additional information on amsmath, use the `?' option.
(c:/Users/PC/AppData/Roaming/TinyTeX/texmf-dist/tex/latex/amsmath/amstext.sty
Package: amstext 2021/08/26 v2.01 AMS text
(c:/Users/PC/AppData/Roaming/TinyTeX/texmf-dist/tex/latex/amsmath/amsgen.sty
File: amsgen.sty 1999/11/30 v2.0 generic functions
\@emptytoks=\toks35
\ex@=\dimen283
)) (c:/Users/PC/AppData/Roaming/TinyTeX/texmf-dist/tex/latex/amsmath/amsbsy.sty
Package: amsbsy 1999/11/29 v1.2d Bold Symbols
\pmbraise@=\dimen284
) (c:/Users/PC/AppData/Roaming/TinyTeX/texmf-dist/tex/latex/amsmath/amsopn.sty
Package: amsopn 2022/04/08 v2.04 operator names
)
\inf@bad=\count324
LaTeX Info: Redefining \frac on input line 234.
\uproot@=\count325
\leftroot@=\count326
LaTeX Info: Redefining \overline on input line 399.
LaTeX Info: Redefining \colon on input line 410.
\classnum@=\count327
\DOTSCASE@=\count328
LaTeX Info: Redefining \ldots on input line 496.
LaTeX Info: Redefining \dots on input line 499.
LaTeX Info: Redefining \cdots on input line 620.
\Mathstrutbox@=\box74
\strutbox@=\box75
LaTeX Info: Redefining \big on input line 722.
LaTeX Info: Redefining \Big on input line 723.
LaTeX Info: Redefining \bigg on input line 724.
LaTeX Info: Redefining \Bigg on input line 725.
\big@size=\dimen285
LaTeX Font Info:    Redeclaring font encoding OML on input line 743.
LaTeX Font Info:    Redeclaring font encoding OMS on input line 744.
\macc@depth=\count329
LaTeX Info: Redefining \bmod on input line 905.
LaTeX Info: Redefining \pmod on input line 910.
LaTeX Info: Redefining \smash on input line 940.
LaTeX Info: Redefining \relbar on input line 970.
LaTeX Info: Redefining \Relbar on input line 971.
\c@MaxMatrixCols=\count330
\dotsspace@=\muskip17
\c@parentequation=\count331
\dspbrk@lvl=\count332
\tag@help=\toks36
\row@=\count333
\column@=\count334
\maxfields@=\count335
\andhelp@=\toks37
\eqnshift@=\dimen286
\alignsep@=\dimen287
\tagshift@=\dimen288
\tagwidth@=\dimen289
\totwidth@=\dimen290
\lineht@=\dimen291
\@envbody=\toks38
\multlinegap=\skip60
\multlinetaggap=\skip61
\mathdisplay@stack=\toks39
LaTeX Info: Redefining \[ on input line 2953.
LaTeX Info: Redefining \] on input line 2954.
) (c:/Users/PC/AppData/Roaming/TinyTeX/texmf-dist/tex/latex/amscls/amsthm.sty
Package: amsthm 2020/05/29 v2.20.6
\thm@style=\toks40
\thm@bodyfont=\toks41
\thm@headfont=\toks42
\thm@notefont=\toks43
\thm@headpunct=\toks44
\thm@preskip=\skip62
\thm@postskip=\skip63
\thm@headsep=\skip64
\dth@everypar=\toks45
)
\c@theorem=\count336
) (c:/Users/PC/AppData/Roaming/TinyTeX/texmf-dist/tex/latex/beamer/beamerbasethemes.sty)) (c:/Users/PC/AppData/Roaming/TinyTeX/texmf-dist/tex/latex/beamer/beamerthemedefault.sty (c:/Users/PC/AppData/Roaming/TinyTeX/texmf-dist/tex/latex/beamer/beamerfontthemedefault.sty) (c:/Users/PC/AppData/Roaming/TinyTeX/texmf-dist/tex/latex/beamer/beamercolorthemedefault.sty) (c:/Users/PC/AppData/Roaming/TinyTeX/texmf-dist/tex/latex/beamer/beamerinnerthemedefault.sty
\beamer@dima=\dimen292
\beamer@dimb=\dimen293
) (c:/Users/PC/AppData/Roaming/TinyTeX/texmf-dist/tex/latex/beamer/beamerouterthemedefault.sty))) (c:/Users/PC/AppData/Roaming/TinyTeX/texmf-dist/tex/latex/pgf/utilities/pgfpages.sty
Package: pgfpages 2011/01/05 ver 0.02
(c:/Users/PC/AppData/Roaming/TinyTeX/texmf-dist/tex/latex/tools/calc.sty
Package: calc 2023/07/08 v4.3 Infix arithmetic (KKT,FJ)
\calc@Acount=\count337
\calc@Bcount=\count338
\calc@Adimen=\dimen294
\calc@Bdimen=\dimen295
\calc@Askip=\skip65
\calc@Bskip=\skip66
LaTeX Info: Redefining \setlength on input line 80.
LaTeX Info: Redefining \addtolength on input line 81.
\calc@Ccount=\count339
\calc@Cskip=\skip67
)
\pgf@logicalpages=\count340
\pgf@firstshipout=\count341
\pgf@lastshipout=\count342
\pgf@currentshipout=\count343
\pgf@cpn=\count344
\pgf@shipoutnextto=\count345
\pgfphysicalheight=\dimen296
\pgfphysicalwidth=\dimen297
\pgfpages@shipoutbox=\box76
) (c:/Users/PC/AppData/Roaming/TinyTeX/texmf-dist/tex/latex/base/fontenc.sty
Package: fontenc 2021/04/29 v2.0v Standard LaTeX package
) (c:/Users/PC/AppData/Roaming/TinyTeX/texmf-dist/tex/latex/base/inputenc.sty
Package: inputenc 2021/02/14 v1.3d Input encoding file
\inpenc@prehook=\toks46
\inpenc@posthook=\toks47
) (c:/Users/PC/AppData/Roaming/TinyTeX/texmf-dist/tex/latex/base/textcomp.sty
Package: textcomp 2020/02/02 v2.0n Standard LaTeX package
) (c:/Users/PC/AppData/Roaming/TinyTeX/texmf-dist/tex/latex/lm/lmodern.sty
Package: lmodern 2015/05/01 v1.6.1 Latin Modern Fonts
LaTeX Font Info:    Overwriting symbol font `operators' in version `normal'
(Font)                  OT1/cmr/m/n --> OT1/lmr/m/n on input line 22.
LaTeX Font Info:    Overwriting symbol font `letters' in version `normal'
(Font)                  OML/cmm/m/it --> OML/lmm/m/it on input line 23.
LaTeX Font Info:    Overwriting symbol font `symbols' in version `normal'
(Font)                  OMS/cmsy/m/n --> OMS/lmsy/m/n on input line 24.
LaTeX Font Info:    Overwriting symbol font `largesymbols' in version `normal'
(Font)                  OMX/cmex/m/n --> OMX/lmex/m/n on input line 25.
LaTeX Font Info:    Overwriting symbol font `operators' in version `bold'
(Font)                  OT1/cmr/bx/n --> OT1/lmr/bx/n on input line 26.
LaTeX Font Info:    Overwriting symbol font `letters' in version `bold'
(Font)                  OML/cmm/b/it --> OML/lmm/b/it on input line 27.
LaTeX Font Info:    Overwriting symbol font `symbols' in version `bold'
(Font)                  OMS/cmsy/b/n --> OMS/lmsy/b/n on input line 28.
LaTeX Font Info:    Overwriting symbol font `largesymbols' in version `bold'
(Font)                  OMX/cmex/m/n --> OMX/lmex/m/n on input line 29.
LaTeX Font Info:    Overwriting math alphabet `\mathbf' in version `normal'
(Font)                  OT1/cmr/bx/n --> OT1/lmr/bx/n on input line 31.
LaTeX Font Info:    Overwriting math alphabet `\mathsf' in version `normal'
(Font)                  OT1/cmss/m/n --> OT1/lmss/m/n on input line 32.
LaTeX Font Info:    Overwriting math alphabet `\mathit' in version `normal'
(Font)                  OT1/cmr/m/it --> OT1/lmr/m/it on input line 33.
LaTeX Font Info:    Overwriting math alphabet `\mathtt' in version `normal'
(Font)                  OT1/cmtt/m/n --> OT1/lmtt/m/n on input line 34.
LaTeX Font Info:    Overwriting math alphabet `\mathbf' in version `bold'
(Font)                  OT1/cmr/bx/n --> OT1/lmr/bx/n on input line 35.
LaTeX Font Info:    Overwriting math alphabet `\mathsf' in version `bold'
(Font)                  OT1/cmss/bx/n --> OT1/lmss/bx/n on input line 36.
LaTeX Font Info:    Overwriting math alphabet `\mathit' in version `bold'
(Font)                  OT1/cmr/bx/it --> OT1/lmr/bx/it on input line 37.
LaTeX Font Info:    Overwriting math alphabet `\mathtt' in version `bold'
(Font)                  OT1/cmtt/m/n --> OT1/lmtt/m/n on input line 38.
) (c:/Users/PC/AppData/Roaming/TinyTeX/texmf-dist/tex/latex/beamer/beamerthemeBerlin.sty (c:/Users/PC/AppData/Roaming/TinyTeX/texmf-dist/tex/latex/beamer/beamerouterthememiniframes.sty) (c:/Users/PC/AppData/Roaming/TinyTeX/texmf-dist/tex/latex/beamer/beamercolorthemewhale.sty) (c:/Users/PC/AppData/Roaming/TinyTeX/texmf-dist/tex/latex/beamer/beamercolorthemeorchid.sty) (c:/Users/PC/AppData/Roaming/TinyTeX/texmf-dist/tex/latex/beamer/beamerinnerthemerectangles.sty)) (c:/Users/PC/AppData/Roaming/TinyTeX/texmf-dist/tex/latex/beamer/beamerfontthemestructurebold.sty) (c:/Users/PC/AppData/Roaming/TinyTeX/texmf-dist/tex/latex/fancyvrb/fancyvrb.sty
Package: fancyvrb 2024/01/20 4.5c verbatim text (tvz,hv)
\FV@CodeLineNo=\count346
\FV@InFile=\read3
\FV@TabBox=\box77
\c@FancyVerbLine=\count347
\FV@StepNumber=\count348
\FV@OutFile=\write5
) (c:/Users/PC/AppData/Roaming/TinyTeX/texmf-dist/tex/latex/framed/framed.sty
Package: framed 2011/10/22 v 0.96: framed or shaded text with page breaks
\OuterFrameSep=\skip68
\fb@frw=\dimen298
\fb@frh=\dimen299
\FrameRule=\dimen300
\FrameSep=\dimen301
) (c:/Users/PC/AppData/Roaming/TinyTeX/texmf-dist/tex/latex/booktabs/booktabs.sty
Package: booktabs 2020/01/12 v1.61803398 Publication quality tables
\heavyrulewidth=\dimen302
\lightrulewidth=\dimen303
\cmidrulewidth=\dimen304
\belowrulesep=\dimen305
\belowbottomsep=\dimen306
\aboverulesep=\dimen307
\abovetopsep=\dimen308
\cmidrulesep=\dimen309
\cmidrulekern=\dimen310
\defaultaddspace=\dimen311
\@cmidla=\count349
\@cmidlb=\count350
\@aboverulesep=\dimen312
\@belowrulesep=\dimen313
\@thisruleclass=\count351
\@lastruleclass=\count352
\@thisrulewidth=\dimen314
) (c:/Users/PC/AppData/Roaming/TinyTeX/texmf-dist/tex/latex/bookmark/bookmark.sty
Package: bookmark 2023-12-10 v1.31 PDF bookmarks (HO)
(c:/Users/PC/AppData/Roaming/TinyTeX/texmf-dist/tex/latex/bookmark/bkm-pdftex.def
File: bkm-pdftex.def 2023-12-10 v1.31 bookmark driver for pdfTeX and luaTeX (HO)
\BKM@id=\count353
))
LaTeX Font Info:    Trying to load font information for T1+lmss on input line 156.
(c:/Users/PC/AppData/Roaming/TinyTeX/texmf-dist/tex/latex/lm/t1lmss.fd
File: t1lmss.fd 2015/05/01 v1.6.1 Font defs for Latin Modern
) (c:/Users/PC/AppData/Roaming/TinyTeX/texmf-dist/tex/latex/l3backend/l3backend-pdftex.def
File: l3backend-pdftex.def 2024-03-14 L3 backend support: PDF output (pdfTeX)
\l__color_backend_stack_int=\count354
\l__pdf_internal_box=\box78
) (./V2_Modulo_2.aux

LaTeX Warning: Label `tab:multicol' multiply defined.

)
\openout1 = `V2_Modulo_2.aux'.

LaTeX Font Info:    Checking defaults for OML/cmm/m/it on input line 156.
LaTeX Font Info:    ... okay on input line 156.
LaTeX Font Info:    Checking defaults for OMS/cmsy/m/n on input line 156.
LaTeX Font Info:    ... okay on input line 156.
LaTeX Font Info:    Checking defaults for OT1/cmr/m/n on input line 156.
LaTeX Font Info:    ... okay on input line 156.
LaTeX Font Info:    Checking defaults for T1/cmr/m/n on input line 156.
LaTeX Font Info:    ... okay on input line 156.
LaTeX Font Info:    Checking defaults for TS1/cmr/m/n on input line 156.
LaTeX Font Info:    ... okay on input line 156.
LaTeX Font Info:    Checking defaults for OMX/cmex/m/n on input line 156.
LaTeX Font Info:    ... okay on input line 156.
LaTeX Font Info:    Checking defaults for U/cmr/m/n on input line 156.
LaTeX Font Info:    ... okay on input line 156.
LaTeX Font Info:    Checking defaults for PD1/pdf/m/n on input line 156.
LaTeX Font Info:    ... okay on input line 156.
LaTeX Font Info:    Checking defaults for PU/pdf/m/n on input line 156.
LaTeX Font Info:    ... okay on input line 156.
*geometry* driver: auto-detecting
*geometry* detected driver: pdftex
*geometry* verbose mode - [ preamble ] result:
* driver: pdftex
* paper: custom
* layout: <same size as paper>
* layoutoffset:(h,v)=(0.0pt,0.0pt)
* modes: includehead includefoot 
* h-part:(L,W,R)=(28.45274pt, 307.28987pt, 28.45274pt)
* v-part:(T,H,B)=(0.0pt, 273.14662pt, 0.0pt)
* \paperwidth=364.19536pt
* \paperheight=273.14662pt
* \textwidth=307.28987pt
* \textheight=244.6939pt
* \oddsidemargin=-43.81725pt
* \evensidemargin=-43.81725pt
* \topmargin=-72.26999pt
* \headheight=14.22636pt
* \headsep=0.0pt
* \topskip=9.0pt
* \footskip=14.22636pt
* \marginparwidth=4.0pt
* \marginparsep=10.0pt
* \columnsep=10.0pt
* \skip\footins=7.0pt plus 4.0pt minus 2.0pt
* \hoffset=0.0pt
* \voffset=0.0pt
* \mag=1000
* \@twocolumnfalse
* \@twosidefalse
* \@mparswitchfalse
* \@reversemarginfalse
* (1in=72.27pt=25.4mm, 1cm=28.453pt)

(c:/Users/PC/AppData/Roaming/TinyTeX/texmf-dist/tex/latex/epstopdf-pkg/epstopdf-base.sty
Package: epstopdf-base 2020-01-24 v2.11 Base part for package epstopdf
Package epstopdf-base Info: Redefining graphics rule for `.eps' on input line 485.
(c:/Users/PC/AppData/Roaming/TinyTeX/texmf-dist/tex/latex/latexconfig/epstopdf-sys.cfg
File: epstopdf-sys.cfg 2010/07/13 v1.3 Configuration of (r)epstopdf for TeX Live
))
Package hyperref Info: Link coloring OFF on input line 156.
LaTeX Font Info:    Overwriting symbol font `operators' in version `normal'
(Font)                  OT1/lmr/m/n --> OT1/cmss/m/n on input line 156.
LaTeX Font Info:    Overwriting symbol font `operators' in version `bold'
(Font)                  OT1/lmr/bx/n --> OT1/cmss/b/n on input line 156.
LaTeX Font Info:    Overwriting symbol font `operators' in version `normal'
(Font)                  OT1/cmss/m/n --> OT1/lmss/m/n on input line 156.
LaTeX Font Info:    Overwriting symbol font `operators' in version `bold'
(Font)                  OT1/cmss/b/n --> OT1/lmss/b/n on input line 156.
\symnumbers=\mathgroup6
\sympureletters=\mathgroup7
LaTeX Font Info:    Overwriting math alphabet `\mathrm' in version `normal'
(Font)                  OT1/lmss/m/n --> T1/lmr/m/n on input line 156.
LaTeX Font Info:    Redeclaring math alphabet \mathbf on input line 156.
LaTeX Font Info:    Overwriting math alphabet `\mathbf' in version `normal'
(Font)                  OT1/lmr/bx/n --> T1/lmss/b/n on input line 156.
LaTeX Font Info:    Overwriting math alphabet `\mathbf' in version `bold'
(Font)                  OT1/lmr/bx/n --> T1/lmss/b/n on input line 156.
LaTeX Font Info:    Redeclaring math alphabet \mathsf on input line 156.
LaTeX Font Info:    Overwriting math alphabet `\mathsf' in version `normal'
(Font)                  OT1/lmss/m/n --> T1/lmss/m/n on input line 156.
LaTeX Font Info:    Overwriting math alphabet `\mathsf' in version `bold'
(Font)                  OT1/lmss/bx/n --> T1/lmss/m/n on input line 156.
LaTeX Font Info:    Redeclaring math alphabet \mathit on input line 156.
LaTeX Font Info:    Overwriting math alphabet `\mathit' in version `normal'
(Font)                  OT1/lmr/m/it --> T1/lmss/m/it on input line 156.
LaTeX Font Info:    Overwriting math alphabet `\mathit' in version `bold'
(Font)                  OT1/lmr/bx/it --> T1/lmss/m/it on input line 156.
LaTeX Font Info:    Redeclaring math alphabet \mathtt on input line 156.
LaTeX Font Info:    Overwriting math alphabet `\mathtt' in version `normal'
(Font)                  OT1/lmtt/m/n --> T1/lmtt/m/n on input line 156.
LaTeX Font Info:    Overwriting math alphabet `\mathtt' in version `bold'
(Font)                  OT1/lmtt/m/n --> T1/lmtt/m/n on input line 156.
LaTeX Font Info:    Overwriting symbol font `numbers' in version `bold'
(Font)                  T1/lmss/m/n --> T1/lmss/b/n on input line 156.
LaTeX Font Info:    Overwriting symbol font `pureletters' in version `bold'
(Font)                  T1/lmss/m/it --> T1/lmss/b/it on input line 156.
LaTeX Font Info:    Overwriting math alphabet `\mathrm' in version `bold'
(Font)                  OT1/lmss/b/n --> T1/lmr/b/n on input line 156.
LaTeX Font Info:    Overwriting math alphabet `\mathbf' in version `bold'
(Font)                  T1/lmss/b/n --> T1/lmss/b/n on input line 156.
LaTeX Font Info:    Overwriting math alphabet `\mathsf' in version `bold'
(Font)                  T1/lmss/m/n --> T1/lmss/b/n on input line 156.
LaTeX Font Info:    Overwriting math alphabet `\mathit' in version `bold'
(Font)                  T1/lmss/m/it --> T1/lmss/b/it on input line 156.
LaTeX Font Info:    Overwriting math alphabet `\mathtt' in version `bold'
(Font)                  T1/lmtt/m/n --> T1/lmtt/b/n on input line 156.
(c:/Users/PC/AppData/Roaming/TinyTeX/texmf-dist/tex/latex/translator/translator-basic-dictionary-English.dict
Dictionary: translator-basic-dictionary, Language: English 
) (c:/Users/PC/AppData/Roaming/TinyTeX/texmf-dist/tex/latex/translator/translator-bibliography-dictionary-English.dict
Dictionary: translator-bibliography-dictionary, Language: English 
) (c:/Users/PC/AppData/Roaming/TinyTeX/texmf-dist/tex/latex/translator/translator-environment-dictionary-English.dict
Dictionary: translator-environment-dictionary, Language: English 
) (c:/Users/PC/AppData/Roaming/TinyTeX/texmf-dist/tex/latex/translator/translator-months-dictionary-English.dict
Dictionary: translator-months-dictionary, Language: English 
) (c:/Users/PC/AppData/Roaming/TinyTeX/texmf-dist/tex/latex/translator/translator-numbers-dictionary-English.dict
Dictionary: translator-numbers-dictionary, Language: English 
) (c:/Users/PC/AppData/Roaming/TinyTeX/texmf-dist/tex/latex/translator/translator-theorem-dictionary-English.dict
Dictionary: translator-theorem-dictionary, Language: English 
) (./V2_Modulo_2.nav)
Overfull \hbox (31.68883pt too wide) detected at line 156
  [] [][][][][][][][][] [][][][][] [][][][][][][][][][][][][][][][][][][][][][] [][][] [][][]  
 []


Overfull \hbox (31.68883pt too wide) detected at line 157
  [] [][][][][][][][][] [][][][][] [][][][][][][][][][][][][][][][][][][][][][] [][][] [][][]  
 []


Overfull \hbox (31.68883pt too wide) has occurred while \output is active
  [] [][][][][][][][][] [][][][][] [][][][][][][][][][][][][][][][][][][][][][] [][][] [][][]  
 []

[1{c:/Users/PC/AppData/Roaming/TinyTeX/texmf-var/fonts/map/pdftex/updmap/pdftex.map}{c:/Users/PC/AppData/Roaming/TinyTeX/texmf-dist/fonts/enc/dvips/lm/lm-ec.enc}

]
Overfull \hbox (31.68883pt too wide) detected at line 161
  [] [][][][][][][][][] [][][][][] [][][][][][][][][][][][][][][][][][][][][][] [][][] [][][]  
 []

(./V2_Modulo_2.toc)
Overfull \hbox (31.68883pt too wide) has occurred while \output is active
  [] [][][][][][][][][] [][][][][] [][][][][][][][][][][][][][][][][][][][][][] [][][] [][][]  
 []

[2

]
Overfull \hbox (31.68883pt too wide) detected at line 166
  [] [][][][][][][][][] [][][][][] [][][][][][][][][][][][][][][][][][][][][][] [][][] [][][]  
 []


Overfull \hbox (31.68883pt too wide) has occurred while \output is active
  [] [][][][][][][][][] [][][][][] [][][][][][][][][][][][][][][][][][][][][][] [][][] [][][]  
 []

[3

]
Overfull \hbox (31.68883pt too wide) detected at line 170
  [] [][][][][][][][][] [][][][][] [][][][][][][][][][][][][][][][][][][][][][] [][][] [][][]  
 []


Overfull \hbox (31.68883pt too wide) has occurred while \output is active
  [] [][][][][][][][][] [][][][][] [][][][][][][][][][][][][][][][][][][][][][] [][][] [][][]  
 []

[4

]
Overfull \hbox (31.68883pt too wide) detected at line 172
  [] [][][][][][][][][] [][][][][] [][][][][][][][][][][][][][][][][][][][][][] [][][] [][][]  
 []

\openout4 = `V2_Modulo_2.vrb'.


Overfull \hbox (31.68883pt too wide) detected at line 215
  [] [][][][][][][][][] [][][][][] [][][][][][][][][][][][][][][][][][][][][][] [][][] [][][]  
 []

(./V2_Modulo_2.vrb
LaTeX Font Info:    Trying to load font information for T1+lmtt on input line 14.
(c:/Users/PC/AppData/Roaming/TinyTeX/texmf-dist/tex/latex/lm/t1lmtt.fd
File: t1lmtt.fd 2015/05/01 v1.6.1 Font defs for Latin Modern
)
LaTeX Font Info:    Font shape `T1/lmtt/bx/n' in size <5> not available
(Font)              Font shape `T1/lmtt/b/n' tried instead on input line 15.
)
Overfull \hbox (31.68883pt too wide) has occurred while \output is active
  [] [][][][][][][][][] [][][][][] [][][][][][][][][][][][][][][][][][][][][][] [][][] [][][]  
 []

[5

]
Overfull \hbox (31.68883pt too wide) detected at line 254
  [] [][][][][][][][][] [][][][][] [][][][][][][][][][][][][][][][][][][][][][] [][][] [][][]  
 []

<Figuras/Tidyverse.png, id=647, 595.47469pt x 579.66562pt>
File: Figuras/Tidyverse.png Graphic file (type png)
<use Figuras/Tidyverse.png>
Package pdftex.def Info: Figuras/Tidyverse.png  used on input line 254.
(pdftex.def)             Requested size: 153.63855pt x 149.55965pt.

Overfull \hbox (31.68883pt too wide) has occurred while \output is active
  [] [][][][][][][][][] [][][][][] [][][][][][][][][][][][][][][][][][][][][][] [][][] [][][]  
 []

[6

 <./Figuras/Tidyverse.png>]
Overfull \hbox (31.68883pt too wide) detected at line 256
  [] [][][][][][][][][] [][][][][] [][][][][][][][][][][][][][][][][][][][][][] [][][] [][][]  
 []

\openout4 = `V2_Modulo_2.vrb'.


Overfull \hbox (31.68883pt too wide) detected at line 302
  [] [][][][][][][][][] [][][][][] [][][][][][][][][][][][][][][][][][][][][][] [][][] [][][]  
 []

(./V2_Modulo_2.vrb
LaTeX Font Info:    Trying to load font information for OT1+lmss on input line 44.
(c:/Users/PC/AppData/Roaming/TinyTeX/texmf-dist/tex/latex/lm/ot1lmss.fd
File: ot1lmss.fd 2015/05/01 v1.6.1 Font defs for Latin Modern
)
LaTeX Font Info:    Trying to load font information for OML+lmm on input line 44.
(c:/Users/PC/AppData/Roaming/TinyTeX/texmf-dist/tex/latex/lm/omllmm.fd
File: omllmm.fd 2015/05/01 v1.6.1 Font defs for Latin Modern
)
LaTeX Font Info:    Trying to load font information for OMS+lmsy on input line 44.
(c:/Users/PC/AppData/Roaming/TinyTeX/texmf-dist/tex/latex/lm/omslmsy.fd
File: omslmsy.fd 2015/05/01 v1.6.1 Font defs for Latin Modern
)
LaTeX Font Info:    Trying to load font information for OMX+lmex on input line 44.
(c:/Users/PC/AppData/Roaming/TinyTeX/texmf-dist/tex/latex/lm/omxlmex.fd
File: omxlmex.fd 2015/05/01 v1.6.1 Font defs for Latin Modern
)
LaTeX Font Info:    External font `lmex10' loaded for size
(Font)              <8> on input line 44.
LaTeX Font Info:    External font `lmex10' loaded for size
(Font)              <6> on input line 44.
LaTeX Font Info:    External font `lmex10' loaded for size
(Font)              <5> on input line 44.
LaTeX Font Info:    Trying to load font information for U+msa on input line 44.
(c:/Users/PC/AppData/Roaming/TinyTeX/texmf-dist/tex/latex/amsfonts/umsa.fd
File: umsa.fd 2013/01/14 v3.01 AMS symbols A
)
LaTeX Font Info:    Trying to load font information for U+msb on input line 44.
(c:/Users/PC/AppData/Roaming/TinyTeX/texmf-dist/tex/latex/amsfonts/umsb.fd
File: umsb.fd 2013/01/14 v3.01 AMS symbols B
)
LaTeX Font Info:    Font shape `T1/lmss/m/it' in size <8> not available
(Font)              Font shape `T1/lmss/m/sl' tried instead on input line 44.
LaTeX Font Info:    Font shape `T1/lmss/m/it' in size <6> not available
(Font)              Font shape `T1/lmss/m/sl' tried instead on input line 44.
LaTeX Font Info:    Font shape `T1/lmss/m/it' in size <5> not available
(Font)              Font shape `T1/lmss/m/sl' tried instead on input line 44.

Overfull \hbox (5.70761pt too wide) in paragraph at lines 20--46
 [] 
 []

)
Overfull \hbox (31.68883pt too wide) has occurred while \output is active
  [] [][][][][][][][][] [][][][][] [][][][][][][][][][][][][][][][][][][][][][] [][][] [][][]  
 []

[7

]
Overfull \hbox (31.68883pt too wide) detected at line 304
  [] [][][][][][][][][] [][][][][] [][][][][][][][][][][][][][][][][][][][][][] [][][] [][][]  
 []

\openout4 = `V2_Modulo_2.vrb'.


Overfull \hbox (31.68883pt too wide) detected at line 336
  [] [][][][][][][][][] [][][][][] [][][][][][][][][][][][][][][][][][][][][][] [][][] [][][]  
 []

(./V2_Modulo_2.vrb
<Figuras/Atajo.jpg, id=921, 167.12437pt x 42.91031pt>
File: Figuras/Atajo.jpg Graphic file (type jpg)
<use Figuras/Atajo.jpg>
Package pdftex.def Info: Figuras/Atajo.jpg  used on input line 32.
(pdftex.def)             Requested size: 82.81224pt x 21.26259pt.
)
Overfull \hbox (31.68883pt too wide) has occurred while \output is active
  [] [][][][][][][][][] [][][][][] [][][][][][][][][][][][][][][][][][][][][][] [][][] [][][]  
 []

[8

 <./Figuras/Atajo.jpg>]
Overfull \hbox (31.68883pt too wide) detected at line 338
  [] [][][][][][][][][] [][][][][] [][][][][][][][][][][][][][][][][][][][][][] [][][] [][][]  
 []

\openout4 = `V2_Modulo_2.vrb'.


Overfull \hbox (31.68883pt too wide) detected at line 349
  [] [][][][][][][][][] [][][][][] [][][][][][][][][][][][][][][][][][][][][][] [][][] [][][]  
 []

(./V2_Modulo_2.vrb
<Figuras/Dplyr.png, id=1057, 517.716pt x 288.861pt>
File: Figuras/Dplyr.png Graphic file (type png)
<use Figuras/Dplyr.png>
Package pdftex.def Info: Figuras/Dplyr.png  used on input line 9.
(pdftex.def)             Requested size: 225.84451pt x 126.01053pt.
)
Overfull \hbox (31.68883pt too wide) has occurred while \output is active
  [] [][][][][][][][][] [][][][][] [][][][][][][][][][][][][][][][][][][][][][] [][][] [][][]  
 []

[9

 <./Figuras/Dplyr.png>]
Overfull \hbox (31.68883pt too wide) detected at line 351
  [] [][][][][][][][][] [][][][][] [][][][][][][][][][][][][][][][][][][][][][] [][][] [][][]  
 []

\openout4 = `V2_Modulo_2.vrb'.


Overfull \hbox (31.68883pt too wide) detected at line 397
  [] [][][][][][][][][] [][][][][] [][][][][][][][][][][][][][][][][][][][][][] [][][] [][][]  
 []

(./V2_Modulo_2.vrb
<Figuras/Group_summary.png, id=1194, 445.665pt x 417.05812pt>
File: Figuras/Group_summary.png Graphic file (type png)
<use Figuras/Group_summary.png>
Package pdftex.def Info: Figuras/Group_summary.png  used on input line 42.
(pdftex.def)             Requested size: 141.35765pt x 132.28401pt.
)
Overfull \hbox (31.68883pt too wide) has occurred while \output is active
  [] [][][][][][][][][] [][][][][] [][][][][][][][][][][][][][][][][][][][][][] [][][] [][][]  
 []

[10

 <./Figuras/Group_summary.png>]
Overfull \hbox (31.68883pt too wide) detected at line 399
  [] [][][][][][][][][] [][][][][] [][][][][][][][][][][][][][][][][][][][][][] [][][] [][][]  
 []

\openout4 = `V2_Modulo_2.vrb'.


Overfull \hbox (31.68883pt too wide) detected at line 441
  [] [][][][][][][][][] [][][][][] [][][][][][][][][][][][][][][][][][][][][][] [][][] [][][]  
 []

(./V2_Modulo_2.vrb
LaTeX Font Info:    External font `lmex10' loaded for size
(Font)              <7> on input line 30.
LaTeX Font Info:    Font shape `T1/lmss/m/it' in size <7> not available
(Font)              Font shape `T1/lmss/m/sl' tried instead on input line 30.
)
Overfull \hbox (31.68883pt too wide) has occurred while \output is active
  [] [][][][][][][][][] [][][][][] [][][][][][][][][][][][][][][][][][][][][][] [][][] [][][]  
 []

[11

{c:/Users/PC/AppData/Roaming/TinyTeX/texmf-dist/fonts/enc/dvips/lm/lm-rm.enc}{c:/Users/PC/AppData/Roaming/TinyTeX/texmf-dist/fonts/enc/dvips/lm/lm-mathit.enc}]
Overfull \hbox (31.68883pt too wide) detected at line 444
  [] [][][][][][][][][] [][][][][] [][][][][][][][][][][][][][][][][][][][][][] [][][] [][][]  
 []


Overfull \hbox (31.68883pt too wide) has occurred while \output is active
  [] [][][][][][][][][] [][][][][] [][][][][][][][][][][][][][][][][][][][][][] [][][] [][][]  
 []

[12

]
Overfull \hbox (31.68883pt too wide) detected at line 478
  [] [][][][][][][][][] [][][][][] [][][][][][][][][][][][][][][][][][][][][][] [][][] [][][]  
 []

<Figuras/Tukey.jpg, id=1517, 698.61pt x 1003.75pt>
File: Figuras/Tukey.jpg Graphic file (type jpg)
<use Figuras/Tukey.jpg>
Package pdftex.def Info: Figuras/Tukey.jpg  used on input line 478.
(pdftex.def)             Requested size: 122.90883pt x 176.59315pt.

Overfull \vbox (10.55498pt too high) detected at line 478
 []


Overfull \hbox (31.68883pt too wide) has occurred while \output is active
  [] [][][][][][][][][] [][][][][] [][][][][][][][][][][][][][][][][][][][][][] [][][] [][][]  
 []

[13

 <./Figuras/Tukey.jpg>]
Overfull \hbox (31.68883pt too wide) detected at line 497
  [] [][][][][][][][][] [][][][][] [][][][][][][][][][][][][][][][][][][][][][] [][][] [][][]  
 []


Overfull \hbox (31.68883pt too wide) has occurred while \output is active
  [] [][][][][][][][][] [][][][][] [][][][][][][][][][][][][][][][][][][][][][] [][][] [][][]  
 []

[14

]
Overfull \hbox (31.68883pt too wide) detected at line 507
  [] [][][][][][][][][] [][][][][] [][][][][][][][][][][][][][][][][][][][][][] [][][] [][][]  
 []

<Figuras/EDA_CDA.png, id=1703, 589.11pt x 362.664pt>
File: Figuras/EDA_CDA.png Graphic file (type png)
<use Figuras/EDA_CDA.png>
Package pdftex.def Info: Figuras/EDA_CDA.png  used on input line 507.
(pdftex.def)             Requested size: 263.488pt x 162.20674pt.

Overfull \hbox (31.68883pt too wide) has occurred while \output is active
  [] [][][][][][][][][] [][][][][] [][][][][][][][][][][][][][][][][][][][][][] [][][] [][][]  
 []

[15

 <./Figuras/EDA_CDA.png>]
Overfull \hbox (31.68883pt too wide) detected at line 511
  [] [][][][][][][][][] [][][][][] [][][][][][][][][][][][][][][][][][][][][][] [][][] [][][]  
 []


Overfull \hbox (31.68883pt too wide) has occurred while \output is active
  [] [][][][][][][][][] [][][][][] [][][][][][][][][][][][][][][][][][][][][][] [][][] [][][]  
 []

[16

]
Overfull \hbox (31.68883pt too wide) detected at line 581
  [] [][][][][][][][][] [][][][][] [][][][][][][][][][][][][][][][][][][][][][] [][][] [][][]  
 []


Overfull \hbox (31.68883pt too wide) has occurred while \output is active
  [] [][][][][][][][][] [][][][][] [][][][][][][][][][][][][][][][][][][][][][] [][][] [][][]  
 []

[17

]
Overfull \hbox (31.68883pt too wide) detected at line 583
  [] [][][][][][][][][] [][][][][] [][][][][][][][][][][][][][][][][][][][][][] [][][] [][][]  
 []

\openout4 = `V2_Modulo_2.vrb'.


Overfull \hbox (31.68883pt too wide) detected at line 637
  [] [][][][][][][][][] [][][][][] [][][][][][][][][][][][][][][][][][][][][][] [][][] [][][]  
 []

(./V2_Modulo_2.vrb
pdfTeX warning (ext4): destination with the same identifier (name{tab:multicol}) has been already used, duplicate ignored
<to be read again> 
                   \relax 
l.53 \label{tab:multicol}
                         )
Overfull \hbox (31.68883pt too wide) has occurred while \output is active
  [] [][][][][][][][][] [][][][][] [][][][][][][][][][][][][][][][][][][][][][] [][][] [][][]  
 []

[18

]
Overfull \hbox (31.68883pt too wide) detected at line 639
  [] [][][][][][][][][] [][][][][] [][][][][][][][][][][][][][][][][][][][][][] [][][] [][][]  
 []

\openout4 = `V2_Modulo_2.vrb'.


Overfull \hbox (31.68883pt too wide) detected at line 675
  [] [][][][][][][][][] [][][][][] [][][][][][][][][][][][][][][][][][][][][][] [][][] [][][]  
 []

(./V2_Modulo_2.vrb
Overfull \hbox (21.09875pt too wide) in paragraph at lines 14--17
\T1/lmtt/m/n/8 forcats::fct_lump_n()\T1/lmss/m/n/8 es 
 []


Overfull \hbox (5.56235pt too wide) in paragraph at lines 19--21
\T1/lmtt/m/n/8 ggplot2::facet_wrap 
 []

<V2_Modulo_2_files/figure-beamer/unnamed-chunk-13-1.pdf, id=2158, 722.7pt x 722.7pt>
File: V2_Modulo_2_files/figure-beamer/unnamed-chunk-13-1.pdf Graphic file (type pdf)
<use V2_Modulo_2_files/figure-beamer/unnamed-chunk-13-1.pdf>
Package pdftex.def Info: V2_Modulo_2_files/figure-beamer/unnamed-chunk-13-1.pdf  used on input line 31.
(pdftex.def)             Requested size: 183.27704pt x 183.27704pt.
)
Overfull \vbox (19.07207pt too high) detected at line 675
 []


Overfull \hbox (31.68883pt too wide) has occurred while \output is active
  [] [][][][][][][][][] [][][][][] [][][][][][][][][][][][][][][][][][][][][][] [][][] [][][]  
 []

[19

 <./V2_Modulo_2_files/figure-beamer/unnamed-chunk-13-1.pdf>]
Overfull \hbox (31.68883pt too wide) detected at line 734
  [] [][][][][][][][][] [][][][][] [][][][][][][][][][][][][][][][][][][][][][] [][][] [][][]  
 []


Overfull \hbox (5.7067pt too wide) in paragraph at lines 734--734
 [][] 
 []


Overfull \hbox (31.68883pt too wide) has occurred while \output is active
  [] [][][][][][][][][] [][][][][] [][][][][][][][][][][][][][][][][][][][][][] [][][] [][][]  
 []

[20

]
Overfull \hbox (31.68883pt too wide) detected at line 751
  [] [][][][][][][][][] [][][][][] [][][][][][][][][][][][][][][][][][][][][][] [][][] [][][]  
 []

<V2_Modulo_2_files/figure-beamer/unnamed-chunk-17-1.pdf, id=2349, 722.7pt x 361.35pt>
File: V2_Modulo_2_files/figure-beamer/unnamed-chunk-17-1.pdf Graphic file (type pdf)
<use V2_Modulo_2_files/figure-beamer/unnamed-chunk-17-1.pdf>
Package pdftex.def Info: V2_Modulo_2_files/figure-beamer/unnamed-chunk-17-1.pdf  used on input line 751.
(pdftex.def)             Requested size: 307.2923pt x 153.64615pt.

Overfull \hbox (31.68883pt too wide) has occurred while \output is active
  [] [][][][][][][][][] [][][][][] [][][][][][][][][][][][][][][][][][][][][][] [][][] [][][]  
 []

[21

 <./V2_Modulo_2_files/figure-beamer/unnamed-chunk-17-1.pdf>]
Overfull \hbox (31.68883pt too wide) detected at line 787
  [] [][][][][][][][][] [][][][][] [][][][][][][][][][][][][][][][][][][][][][] [][][] [][][]  
 []

<V2_Modulo_2_files/figure-beamer/unnamed-chunk-18-1.pdf, id=2447, 722.7pt x 505.89pt>
File: V2_Modulo_2_files/figure-beamer/unnamed-chunk-18-1.pdf Graphic file (type pdf)
<use V2_Modulo_2_files/figure-beamer/unnamed-chunk-18-1.pdf>
Package pdftex.def Info: V2_Modulo_2_files/figure-beamer/unnamed-chunk-18-1.pdf  used on input line 787.
(pdftex.def)             Requested size: 215.1024pt x 150.57167pt.

Overfull \hbox (31.68883pt too wide) has occurred while \output is active
  [] [][][][][][][][][] [][][][][] [][][][][][][][][][][][][][][][][][][][][][] [][][] [][][]  
 []

[22

 <./V2_Modulo_2_files/figure-beamer/unnamed-chunk-18-1.pdf>]
Overfull \hbox (31.68883pt too wide) detected at line 796
  [] [][][][][][][][][] [][][][][] [][][][][][][][][][][][][][][][][][][][][][] [][][] [][][]  
 []

<V2_Modulo_2_files/figure-beamer/unnamed-chunk-20-1.pdf, id=2545, 722.7pt x 505.89pt>
File: V2_Modulo_2_files/figure-beamer/unnamed-chunk-20-1.pdf Graphic file (type pdf)
<use V2_Modulo_2_files/figure-beamer/unnamed-chunk-20-1.pdf>
Package pdftex.def Info: V2_Modulo_2_files/figure-beamer/unnamed-chunk-20-1.pdf  used on input line 796.
(pdftex.def)             Requested size: 307.2923pt x 215.1046pt.

Overfull \vbox (11.76082pt too high) detected at line 796
 []


Overfull \hbox (31.68883pt too wide) has occurred while \output is active
  [] [][][][][][][][][] [][][][][] [][][][][][][][][][][][][][][][][][][][][][] [][][] [][][]  
 []

[23

 <./V2_Modulo_2_files/figure-beamer/unnamed-chunk-20-1.pdf>]
Overfull \hbox (31.68883pt too wide) detected at line 798
  [] [][][][][][][][][] [][][][][] [][][][][][][][][][][][][][][][][][][][][][] [][][] [][][]  
 []

\openout4 = `V2_Modulo_2.vrb'.


Overfull \hbox (31.68883pt too wide) detected at line 829
  [] [][][][][][][][][] [][][][][] [][][][][][][][][][][][][][][][][][][][][][] [][][] [][][]  
 []

(./V2_Modulo_2.vrb
<V2_Modulo_2_files/figure-beamer/unnamed-chunk-21-1.pdf, id=2686, 722.7pt x 505.89pt>
File: V2_Modulo_2_files/figure-beamer/unnamed-chunk-21-1.pdf Graphic file (type pdf)
<use V2_Modulo_2_files/figure-beamer/unnamed-chunk-21-1.pdf>
Package pdftex.def Info: V2_Modulo_2_files/figure-beamer/unnamed-chunk-21-1.pdf  used on input line 12.
(pdftex.def)             Requested size: 153.64615pt x 107.55229pt.
<V2_Modulo_2_files/figure-beamer/unnamed-chunk-22-1.pdf, id=2687, 722.7pt x 505.89pt>
File: V2_Modulo_2_files/figure-beamer/unnamed-chunk-22-1.pdf Graphic file (type pdf)
<use V2_Modulo_2_files/figure-beamer/unnamed-chunk-22-1.pdf>
Package pdftex.def Info: V2_Modulo_2_files/figure-beamer/unnamed-chunk-22-1.pdf  used on input line 20.
(pdftex.def)             Requested size: 153.64615pt x 107.55229pt.
)
Overfull \hbox (31.68883pt too wide) has occurred while \output is active
  [] [][][][][][][][][] [][][][][] [][][][][][][][][][][][][][][][][][][][][][] [][][] [][][]  
 []

[24

{c:/Users/PC/AppData/Roaming/TinyTeX/texmf-dist/fonts/enc/dvips/lm/lm-mathex.enc}{c:/Users/PC/AppData/Roaming/TinyTeX/texmf-dist/fonts/enc/dvips/lm/lm-mathsy.enc} <./V2_Modulo_2_files/figure-beamer/unnamed-chunk-21-1.pdf> <./V2_Modulo_2_files/figure-beamer/unnamed-chunk-22-1.pdf>]
Overfull \hbox (31.68883pt too wide) detected at line 841
  [] [][][][][][][][][] [][][][][] [][][][][][][][][][][][][][][][][][][][][][] [][][] [][][]  
 []

<V2_Modulo_2_files/figure-beamer/unnamed-chunk-23-1.pdf, id=2794, 722.7pt x 361.35pt>
File: V2_Modulo_2_files/figure-beamer/unnamed-chunk-23-1.pdf Graphic file (type pdf)
<use V2_Modulo_2_files/figure-beamer/unnamed-chunk-23-1.pdf>
Package pdftex.def Info: V2_Modulo_2_files/figure-beamer/unnamed-chunk-23-1.pdf  used on input line 841.
(pdftex.def)             Requested size: 307.2923pt x 153.64615pt.

Overfull \hbox (31.68883pt too wide) has occurred while \output is active
  [] [][][][][][][][][] [][][][][] [][][][][][][][][][][][][][][][][][][][][][] [][][] [][][]  
 []

[25

 <./V2_Modulo_2_files/figure-beamer/unnamed-chunk-23-1.pdf>]
Overfull \hbox (31.68883pt too wide) detected at line 857
  [] [][][][][][][][][] [][][][][] [][][][][][][][][][][][][][][][][][][][][][] [][][] [][][]  
 []

<Figuras/boxplot_completo.png, id=2893, 839.135pt x 547.04375pt>
File: Figuras/boxplot_completo.png Graphic file (type png)
<use Figuras/boxplot_completo.png>
Package pdftex.def Info: Figuras/boxplot_completo.png  used on input line 857.
(pdftex.def)             Requested size: 188.19542pt x 122.68721pt.

Overfull \hbox (31.68883pt too wide) has occurred while \output is active
  [] [][][][][][][][][] [][][][][] [][][][][][][][][][][][][][][][][][][][][][] [][][] [][][]  
 []

[26

 <./Figuras/Boxplot_completo.png>]
Overfull \hbox (31.68883pt too wide) detected at line 859
  [] [][][][][][][][][] [][][][][] [][][][][][][][][][][][][][][][][][][][][][] [][][] [][][]  
 []

\openout4 = `V2_Modulo_2.vrb'.


Overfull \hbox (31.68883pt too wide) detected at line 899
  [] [][][][][][][][][] [][][][][] [][][][][][][][][][][][][][][][][][][][][][] [][][] [][][]  
 []

(./V2_Modulo_2.vrb
LaTeX Font Info:    Trying to load font information for TS1+lmtt on input line 25.
(c:/Users/PC/AppData/Roaming/TinyTeX/texmf-dist/tex/latex/lm/ts1lmtt.fd
File: ts1lmtt.fd 2015/05/01 v1.6.1 Font defs for Latin Modern
))
Overfull \hbox (31.68883pt too wide) has occurred while \output is active
  [] [][][][][][][][][] [][][][][] [][][][][][][][][][][][][][][][][][][][][][] [][][] [][][]  
 []

[27

{c:/Users/PC/AppData/Roaming/TinyTeX/texmf-dist/fonts/enc/dvips/lm/lm-ts1.enc}]
Overfull \hbox (31.68883pt too wide) detected at line 908
  [] [][][][][][][][][] [][][][][] [][][][][][][][][][][][][][][][][][][][][][] [][][] [][][]  
 []

<V2_Modulo_2_files/figure-beamer/unnamed-chunk-25-1.pdf, id=3123, 722.7pt x 505.89pt>
File: V2_Modulo_2_files/figure-beamer/unnamed-chunk-25-1.pdf Graphic file (type pdf)
<use V2_Modulo_2_files/figure-beamer/unnamed-chunk-25-1.pdf>
Package pdftex.def Info: V2_Modulo_2_files/figure-beamer/unnamed-chunk-25-1.pdf  used on input line 908.
(pdftex.def)             Requested size: 307.2923pt x 215.1046pt.

Overfull \vbox (11.76082pt too high) detected at line 908
 []


Overfull \hbox (31.68883pt too wide) has occurred while \output is active
  [] [][][][][][][][][] [][][][][] [][][][][][][][][][][][][][][][][][][][][][] [][][] [][][]  
 []

[28

 <./V2_Modulo_2_files/figure-beamer/unnamed-chunk-25-1.pdf>]
Overfull \hbox (31.68883pt too wide) detected at line 932
  [] [][][][][][][][][] [][][][][] [][][][][][][][][][][][][][][][][][][][][][] [][][] [][][]  
 []


Overfull \hbox (31.68883pt too wide) has occurred while \output is active
  [] [][][][][][][][][] [][][][][] [][][][][][][][][][][][][][][][][][][][][][] [][][] [][][]  
 []

[29

]
Overfull \hbox (31.68883pt too wide) detected at line 970
  [] [][][][][][][][][] [][][][][] [][][][][][][][][][][][][][][][][][][][][][] [][][] [][][]  
 []


Overfull \hbox (31.68883pt too wide) has occurred while \output is active
  [] [][][][][][][][][] [][][][][] [][][][][][][][][][][][][][][][][][][][][][] [][][] [][][]  
 []

[30

]
Overfull \hbox (31.68883pt too wide) detected at line 979
  [] [][][][][][][][][] [][][][][] [][][][][][][][][][][][][][][][][][][][][][] [][][] [][][]  
 []

<V2_Modulo_2_files/figure-beamer/unnamed-chunk-26-1.pdf, id=3409, 722.7pt x 505.89pt>
File: V2_Modulo_2_files/figure-beamer/unnamed-chunk-26-1.pdf Graphic file (type pdf)
<use V2_Modulo_2_files/figure-beamer/unnamed-chunk-26-1.pdf>
Package pdftex.def Info: V2_Modulo_2_files/figure-beamer/unnamed-chunk-26-1.pdf  used on input line 979.
(pdftex.def)             Requested size: 307.2923pt x 215.1046pt.

Overfull \vbox (11.76082pt too high) detected at line 979
 []


Overfull \hbox (31.68883pt too wide) has occurred while \output is active
  [] [][][][][][][][][] [][][][][] [][][][][][][][][][][][][][][][][][][][][][] [][][] [][][]  
 []

[31

 <./V2_Modulo_2_files/figure-beamer/unnamed-chunk-26-1.pdf>]
Overfull \hbox (31.68883pt too wide) detected at line 1005
  [] [][][][][][][][][] [][][][][] [][][][][][][][][][][][][][][][][][][][][][] [][][] [][][]  
 []

<V2_Modulo_2_files/figure-beamer/unnamed-chunk-27-1.pdf, id=3508, 722.7pt x 505.89pt>
File: V2_Modulo_2_files/figure-beamer/unnamed-chunk-27-1.pdf Graphic file (type pdf)
<use V2_Modulo_2_files/figure-beamer/unnamed-chunk-27-1.pdf>
Package pdftex.def Info: V2_Modulo_2_files/figure-beamer/unnamed-chunk-27-1.pdf  used on input line 1005.
(pdftex.def)             Requested size: 153.64615pt x 107.55229pt.
<V2_Modulo_2_files/figure-beamer/unnamed-chunk-28-1.pdf, id=3509, 722.7pt x 505.89pt>
File: V2_Modulo_2_files/figure-beamer/unnamed-chunk-28-1.pdf Graphic file (type pdf)
<use V2_Modulo_2_files/figure-beamer/unnamed-chunk-28-1.pdf>
Package pdftex.def Info: V2_Modulo_2_files/figure-beamer/unnamed-chunk-28-1.pdf  used on input line 1005.
(pdftex.def)             Requested size: 153.64615pt x 107.55229pt.

Overfull \hbox (31.68883pt too wide) has occurred while \output is active
  [] [][][][][][][][][] [][][][][] [][][][][][][][][][][][][][][][][][][][][][] [][][] [][][]  
 []

[32

 <./V2_Modulo_2_files/figure-beamer/unnamed-chunk-27-1.pdf> <./V2_Modulo_2_files/figure-beamer/unnamed-chunk-28-1.pdf>]
Overfull \hbox (31.68883pt too wide) detected at line 1014
  [] [][][][][][][][][] [][][][][] [][][][][][][][][][][][][][][][][][][][][][] [][][] [][][]  
 []

<V2_Modulo_2_files/figure-beamer/unnamed-chunk-29-1.pdf, id=3611, 722.7pt x 505.89pt>
File: V2_Modulo_2_files/figure-beamer/unnamed-chunk-29-1.pdf Graphic file (type pdf)
<use V2_Modulo_2_files/figure-beamer/unnamed-chunk-29-1.pdf>
Package pdftex.def Info: V2_Modulo_2_files/figure-beamer/unnamed-chunk-29-1.pdf  used on input line 1014.
(pdftex.def)             Requested size: 307.2923pt x 215.1046pt.

Overfull \vbox (11.76082pt too high) detected at line 1014
 []


Overfull \hbox (31.68883pt too wide) has occurred while \output is active
  [] [][][][][][][][][] [][][][][] [][][][][][][][][][][][][][][][][][][][][][] [][][] [][][]  
 []

[33

 <./V2_Modulo_2_files/figure-beamer/unnamed-chunk-29-1.pdf>]
Overfull \hbox (31.68883pt too wide) detected at line 1044
  [] [][][][][][][][][] [][][][][] [][][][][][][][][][][][][][][][][][][][][][] [][][] [][][]  
 []


Overfull \hbox (31.68883pt too wide) has occurred while \output is active
  [] [][][][][][][][][] [][][][][] [][][][][][][][][][][][][][][][][][][][][][] [][][] [][][]  
 []

[34

]
Overfull \hbox (31.68883pt too wide) detected at line 1060
  [] [][][][][][][][][] [][][][][] [][][][][][][][][][][][][][][][][][][][][][] [][][] [][][]  
 []

<V2_Modulo_2_files/figure-beamer/unnamed-chunk-30-1.pdf, id=3803, 722.7pt x 361.35pt>
File: V2_Modulo_2_files/figure-beamer/unnamed-chunk-30-1.pdf Graphic file (type pdf)
<use V2_Modulo_2_files/figure-beamer/unnamed-chunk-30-1.pdf>
Package pdftex.def Info: V2_Modulo_2_files/figure-beamer/unnamed-chunk-30-1.pdf  used on input line 1060.
(pdftex.def)             Requested size: 307.2923pt x 153.64615pt.

Overfull \vbox (5.30237pt too high) detected at line 1060
 []


Overfull \hbox (31.68883pt too wide) has occurred while \output is active
  [] [][][][][][][][][] [][][][][] [][][][][][][][][][][][][][][][][][][][][][] [][][] [][][]  
 []

[35

 <./V2_Modulo_2_files/figure-beamer/unnamed-chunk-30-1.pdf>]
Overfull \hbox (31.68883pt too wide) detected at line 1069
  [] [][][][][][][][][] [][][][][] [][][][][][][][][][][][][][][][][][][][][][] [][][] [][][]  
 []

<V2_Modulo_2_files/figure-beamer/unnamed-chunk-31-1.pdf, id=3900, 722.7pt x 505.89pt>
File: V2_Modulo_2_files/figure-beamer/unnamed-chunk-31-1.pdf Graphic file (type pdf)
<use V2_Modulo_2_files/figure-beamer/unnamed-chunk-31-1.pdf>
Package pdftex.def Info: V2_Modulo_2_files/figure-beamer/unnamed-chunk-31-1.pdf  used on input line 1069.
(pdftex.def)             Requested size: 307.2923pt x 215.1046pt.

Overfull \vbox (11.76082pt too high) detected at line 1069
 []


Overfull \hbox (31.68883pt too wide) has occurred while \output is active
  [] [][][][][][][][][] [][][][][] [][][][][][][][][][][][][][][][][][][][][][] [][][] [][][]  
 []

[36

 <./V2_Modulo_2_files/figure-beamer/unnamed-chunk-31-1.pdf>]
Overfull \hbox (31.68883pt too wide) detected at line 1072
  [] [][][][][][][][][] [][][][][] [][][][][][][][][][][][][][][][][][][][][][] [][][] [][][]  
 []


Overfull \hbox (31.68883pt too wide) has occurred while \output is active
  [] [][][][][][][][][] [][][][][] [][][][][][][][][][][][][][][][][][][][][][] [][][] [][][]  
 []

[37

]
Overfull \hbox (31.68883pt too wide) detected at line 1074
  [] [][][][][][][][][] [][][][][] [][][][][][][][][][][][][][][][][][][][][][] [][][] [][][]  
 []

\openout4 = `V2_Modulo_2.vrb'.


Overfull \hbox (31.68883pt too wide) detected at line 1105
  [] [][][][][][][][][] [][][][][] [][][][][][][][][][][][][][][][][][][][][][] [][][] [][][]  
 []

(./V2_Modulo_2.vrb)
Overfull \hbox (31.68883pt too wide) has occurred while \output is active
  [] [][][][][][][][][] [][][][][] [][][][][][][][][][][][][][][][][][][][][][] [][][] [][][]  
 []

[38

]
Overfull \hbox (31.68883pt too wide) detected at line 1108
  [] [][][][][][][][][] [][][][][] [][][][][][][][][][][][][][][][][][][][][][] [][][] [][][]  
 []


Overfull \hbox (31.68883pt too wide) has occurred while \output is active
  [] [][][][][][][][][] [][][][][] [][][][][][][][][][][][][][][][][][][][][][] [][][] [][][]  
 []

[39

]
Overfull \hbox (31.68883pt too wide) detected at line 1124
  [] [][][][][][][][][] [][][][][] [][][][][][][][][][][][][][][][][][][][][][] [][][] [][][]  
 []


Overfull \hbox (31.68883pt too wide) has occurred while \output is active
  [] [][][][][][][][][] [][][][][] [][][][][][][][][][][][][][][][][][][][][][] [][][] [][][]  
 []

[40

]
\tf@nav=\write6
\openout6 = `V2_Modulo_2.nav'.

\tf@toc=\write7
\openout7 = `V2_Modulo_2.toc'.

\tf@snm=\write8
\openout8 = `V2_Modulo_2.snm'.

(./V2_Modulo_2.aux)
 ***********
LaTeX2e <2023-11-01> patch level 1
L3 programming layer <2024-03-14>
 ***********

LaTeX Warning: There were multiply-defined labels.

 ) 
Here is how much of TeX's memory you used:
 23168 strings out of 476063
 457286 string characters out of 5791372
 1968496 words of memory out of 5000000
 44639 multiletter control sequences out of 15000+600000
 615321 words of font info for 79 fonts, out of 8000000 for 9000
 14 hyphenation exceptions out of 8191
 101i,19n,107p,655b,853s stack positions out of 10000i,1000n,20000p,200000b,200000s
<c:/Users/PC/AppData/Roaming/TinyTeX/texmf-dist/fonts/type1/public/lm/lmex10.pfb><c:/Users/PC/AppData/Roaming/TinyTeX/texmf-dist/fonts/type1/public/lm/lmmi6.pfb><c:/Users/PC/AppData/Roaming/TinyTeX/texmf-dist/fonts/type1/public/lm/lmmi8.pfb><c:/Users/PC/AppData/Roaming/TinyTeX/texmf-dist/fonts/type1/public/lm/lmss8.pfb><c:/Users/PC/AppData/Roaming/TinyTeX/texmf-dist/fonts/type1/public/lm/lmssbx10.pfb><c:/Users/PC/AppData/Roaming/TinyTeX/texmf-dist/fonts/type1/public/lm/lmsso8.pfb><c:/Users/PC/AppData/Roaming/TinyTeX/texmf-dist/fonts/type1/public/lm/lmsy6.pfb><c:/Users/PC/AppData/Roaming/TinyTeX/texmf-dist/fonts/type1/public/lm/lmsy8.pfb><c:/Users/PC/AppData/Roaming/TinyTeX/texmf-dist/fonts/type1/public/lm/lmtk10.pfb><c:/Users/PC/AppData/Roaming/TinyTeX/texmf-dist/fonts/type1/public/lm/lmtt8.pfb><c:/Users/PC/AppData/Roaming/TinyTeX/texmf-dist/fonts/type1/public/lm/lmtti10.pfb>
Output written on V2_Modulo_2.pdf (40 pages, 1482573 bytes).
PDF statistics:
 4472 PDF objects out of 5155 (max. 8388607)
 2102 compressed objects within 22 object streams
 125 named destinations out of 1000 (max. 500000)
 188 words of extra memory for PDF output out of 10000 (max. 10000000)

